<?xml version="1.0" encoding="UTF-8"?>
<!-- Generated by org.testng.reporters.JUnitXMLReporter -->
<testsuite ignored="0" hostname="WINDELLAP-699.local" failures="0" tests="3" name="Test" time="61.479" errors="0" timestamp="2024-03-17T00:30:02 IST">
  <testcase classname="tests.BasicTest" name="tc1_validateTitles" time="16.516"/>
  <testcase classname="tests.BasicTest" name="tc1_validateTitles" time="12.321"/>
  <testcase classname="tests.LoginTest" name="tc2_loginTestMethod" time="6.649"/>
</testsuite> <!-- Test -->
