<?xml version="1.0" encoding="UTF-8"?>
<testng-results ignored="0" total="2" passed="2" failed="0" skipped="0">
  <reporter-output>
  </reporter-output>
  <suite started-at="2024-02-25T21:43:08 IST" name="Suite" finished-at="2024-02-25T21:43:08 IST" duration-ms="63">
    <groups>
    </groups>
    <test started-at="2024-02-25T21:43:08 IST" name="Test" finished-at="2024-02-25T21:43:08 IST" duration-ms="63">
      <class name="testclasses.FirstTest">
        <test-method signature="firstMethod()[pri:0, instance:testclasses.FirstTest@1757cd72]" started-at="2024-02-25T21:43:08 IST" name="firstMethod" finished-at="2024-02-25T21:43:08 IST" duration-ms="25" status="PASS">
          <reporter-output>
          </reporter-output>
        </test-method> <!-- firstMethod -->
        <test-method signature="secondMethod()[pri:0, instance:testclasses.FirstTest@1757cd72]" started-at="2024-02-25T21:43:08 IST" name="secondMethod" finished-at="2024-02-25T21:43:08 IST" duration-ms="2" status="PASS">
          <reporter-output>
          </reporter-output>
        </test-method> <!-- secondMethod -->
      </class> <!-- testclasses.FirstTest -->
    </test> <!-- Test -->
  </suite> <!-- Suite -->
</testng-results>
