<?xml version="1.0" encoding="UTF-8"?>
<testng-results ignored="0" total="3" passed="3" failed="0" skipped="0">
  <reporter-output>
  </reporter-output>
  <suite started-at="2024-03-17T00:29:00 IST" name="Suite" finished-at="2024-03-17T00:30:02 IST" duration-ms="61479">
    <groups>
    </groups>
    <test started-at="2024-03-17T00:29:00 IST" name="Test" finished-at="2024-03-17T00:30:02 IST" duration-ms="61479">
      <class name="tests.LoginTest">
        <test-method is-config="true" signature="setup()[pri:0, instance:tests.LoginTest@45e37a7e]" started-at="2024-03-17T00:29:50 IST" name="setup" finished-at="2024-03-17T00:29:55 IST" duration-ms="5336" status="PASS">
          <reporter-output>
          </reporter-output>
        </test-method> <!-- setup -->
        <test-method signature="tc2_loginTestMethod()[pri:0, instance:tests.LoginTest@45e37a7e]" started-at="2024-03-17T00:29:55 IST" name="tc2_loginTestMethod" finished-at="2024-03-17T00:30:02 IST" duration-ms="6649" status="PASS">
          <reporter-output>
          </reporter-output>
        </test-method> <!-- tc2_loginTestMethod -->
        <test-method is-config="true" signature="tearDown()[pri:0, instance:tests.LoginTest@45e37a7e]" started-at="2024-03-17T00:30:02 IST" name="tearDown" finished-at="2024-03-17T00:30:02 IST" duration-ms="147" status="PASS">
          <reporter-output>
          </reporter-output>
        </test-method> <!-- tearDown -->
      </class> <!-- tests.LoginTest -->
      <class name="tests.BasicTest">
        <test-method is-config="true" signature="setup()[pri:0, instance:tests.BasicTest@7e22550a]" started-at="2024-03-17T00:29:01 IST" name="setup" finished-at="2024-03-17T00:29:09 IST" duration-ms="7540" status="PASS">
          <reporter-output>
          </reporter-output>
        </test-method> <!-- setup -->
        <test-method signature="tc1_validateTitles(java.lang.String, java.lang.String)[pri:0, instance:tests.BasicTest@7e22550a]" started-at="2024-03-17T00:29:09 IST" name="tc1_validateTitles" data-provider="TestDataProvider" finished-at="2024-03-17T00:29:25 IST" duration-ms="16516" status="PASS">
          <params>
            <param index="0">
              <value>
                <![CDATA[TC1;Browser;URL;Title;;]]>
              </value>
            </param>
            <param index="1">
              <value>
                <![CDATA[TC1;chrome;https://www.google.com/;Google;;]]>
              </value>
            </param>
          </params>
          <reporter-output>
          </reporter-output>
        </test-method> <!-- tc1_validateTitles -->
        <test-method is-config="true" signature="tearDown()[pri:0, instance:tests.BasicTest@7e22550a]" started-at="2024-03-17T00:29:25 IST" name="tearDown" finished-at="2024-03-17T00:29:26 IST" duration-ms="315" status="PASS">
          <reporter-output>
          </reporter-output>
        </test-method> <!-- tearDown -->
        <test-method is-config="true" signature="setup()[pri:0, instance:tests.BasicTest@7e22550a]" started-at="2024-03-17T00:29:26 IST" name="setup" finished-at="2024-03-17T00:29:31 IST" duration-ms="5208" status="PASS">
          <reporter-output>
          </reporter-output>
        </test-method> <!-- setup -->
        <test-method signature="tc1_validateTitles(java.lang.String, java.lang.String)[pri:0, instance:tests.BasicTest@7e22550a]" started-at="2024-03-17T00:29:31 IST" name="tc1_validateTitles" data-provider="TestDataProvider" finished-at="2024-03-17T00:29:43 IST" duration-ms="12321" status="PASS">
          <params>
            <param index="0">
              <value>
                <![CDATA[TC1;Browser;URL;Title;;]]>
              </value>
            </param>
            <param index="1">
              <value>
                <![CDATA[TC1;chrome;https://www.amazon.in/;Online Shopping site in India: Shop Online for Mobiles, Books, Watches, Shoes and More - Amazon.in;;]]>
              </value>
            </param>
          </params>
          <reporter-output>
          </reporter-output>
        </test-method> <!-- tc1_validateTitles -->
        <test-method is-config="true" signature="tearDown()[pri:0, instance:tests.BasicTest@7e22550a]" started-at="2024-03-17T00:29:43 IST" name="tearDown" finished-at="2024-03-17T00:29:50 IST" duration-ms="6191" status="PASS">
          <reporter-output>
          </reporter-output>
        </test-method> <!-- tearDown -->
      </class> <!-- tests.BasicTest -->
    </test> <!-- Test -->
  </suite> <!-- Suite -->
</testng-results>
